writeCommonTags: couldn't write 'track' tag to 'My Chemical Romance/twenty one pilots ft. My Chemical Romance - Cancer (Mashup).wav' as it's not a positive integer
TagLib: ID3v2.4 no longer supports the frame type TDAT.  It will be discarded from the tag.
TagLib: Could not open file /home/cylian/Music/Strachy Na Lachy/Przechodzień o wschodzie/Strachy Na Lachy - Co się z nami stało.webm
writeCommonTags: couldn't write 'year' tag to 'Steven Wilson/Hand. Cannot. Erase./Steven Wilson - Ancestral.m4a' as it's not a positive integer
writeCommonTags: couldn't write 'year' tag to 'Steven Wilson/Hand. Cannot. Erase./Steven Wilson - First Regret ⧸ 3 Years Older.m4a' as it's not a positive integer
writeCommonTags: couldn't write 'year' tag to 'Steven Wilson/Hand. Cannot. Erase./Steven Wilson - Hand Cannot Erase.m4a' as it's not a positive integer
writeCommonTags: couldn't write 'year' tag to 'Steven Wilson/Hand. Cannot. Erase./Steven Wilson - Happy Returns ⧸ Ascendant Here On....m4a' as it's not a positive integer
writeCommonTags: couldn't write 'year' tag to 'Steven Wilson/Hand. Cannot. Erase./Steven Wilson - Home Invasion ⧸ Regret #9.m4a' as it's not a positive integer
writeCommonTags: couldn't write 'year' tag to 'Steven Wilson/Hand. Cannot. Erase./Steven Wilson - Perfect Life (Grand Union Mix).m4a' as it's not a positive integer
writeCommonTags: couldn't write 'year' tag to 'Steven Wilson/Hand. Cannot. Erase./Steven Wilson - Perfect Life.m4a' as it's not a positive integer
writeCommonTags: couldn't write 'year' tag to 'Steven Wilson/Hand. Cannot. Erase./Steven Wilson - Routine (Ninet Solo Vocal Version).m4a' as it's not a positive integer
writeCommonTags: couldn't write 'year' tag to 'Steven Wilson/Hand. Cannot. Erase./Steven Wilson - Routine.m4a' as it's not a positive integer
writeCommonTags: couldn't write 'year' tag to 'Steven Wilson/Hand. Cannot. Erase./Steven Wilson - Transience.m4a' as it's not a positive integer
writeCommonTags: couldn't write 'year' tag to 'Hiroyuki Sawano/Attack on Titan: Season 1/Hiroyuki Sawano - 2chi城.m4a' as it's not a positive integer
writeCommonTags: couldn't write 'year' tag to 'Hiroyuki Sawano/Attack on Titan: Season 1/Hiroyuki Sawano - army⇒G♂.m4a' as it's not a positive integer
writeCommonTags: couldn't write 'year' tag to 'Hiroyuki Sawano/Attack on Titan: Season 1/Hiroyuki Sawano - Bauklötze.m4a' as it's not a positive integer
writeCommonTags: couldn't write 'year' tag to 'Hiroyuki Sawano/Attack on Titan: Season 1/Hiroyuki Sawano - Call your name.m4a' as it's not a positive integer
writeCommonTags: couldn't write 'year' tag to 'Hiroyuki Sawano/Attack on Titan: Season 1/Hiroyuki Sawano - cóunter・attàck-mˈænkάɪnd.m4a' as it's not a positive integer
writeCommonTags: couldn't write 'year' tag to 'Hiroyuki Sawano/Attack on Titan: Season 1/Hiroyuki Sawano - DOA.m4a' as it's not a positive integer
writeCommonTags: couldn't write 'year' tag to 'Hiroyuki Sawano/Attack on Titan: Season 1/Hiroyuki Sawano - E・M・A.m4a' as it's not a positive integer
writeCommonTags: couldn't write 'year' tag to 'Hiroyuki Sawano/Attack on Titan: Season 1/Hiroyuki Sawano - eye-water.m4a' as it's not a positive integer
writeCommonTags: couldn't write 'year' tag to 'Hiroyuki Sawano/Attack on Titan: Season 1/Hiroyuki Sawano - ətˈæk 0N tάɪtn.m4a' as it's not a positive integer
writeCommonTags: couldn't write 'year' tag to 'Hiroyuki Sawano/Attack on Titan: Season 1/Hiroyuki Sawano - omake-pfadlib.m4a' as it's not a positive integer
writeCommonTags: couldn't write 'year' tag to 'Hiroyuki Sawano/Attack on Titan: Season 1/Hiroyuki Sawano - The Reluctant Heroes.m4a' as it's not a positive integer
writeCommonTags: couldn't write 'year' tag to 'Hiroyuki Sawano/Attack on Titan: Season 1/Hiroyuki Sawano - Vogel im Käfig.m4a' as it's not a positive integer
writeCommonTags: couldn't write 'year' tag to 'Hiroyuki Sawano/Attack on Titan: Season 1/Hiroyuki Sawano - XL-TT.m4a' as it's not a positive integer
writeCommonTags: couldn't write 'year' tag to 'Hiroyuki Sawano/Attack on Titan: Season 1/Hiroyuki Sawano - 凸】♀】♂】←巨人.m4a' as it's not a positive integer
writeCommonTags: couldn't write 'year' tag to 'Hiroyuki Sawano/Attack on Titan: Season 1/Hiroyuki Sawano - 巨♀~9地区.m4a' as it's not a positive integer
writeCommonTags: couldn't write 'year' tag to 'Hiroyuki Sawano/Attack on Titan: Season 1/Hiroyuki Sawano - 立body機motion.m4a' as it's not a positive integer
writeCommonTags: couldn't write 'year' tag to 'Hiroyuki Sawano/Attack on Titan: Season 2/Hiroyuki Sawano - 2Volt.m4a' as it's not a positive integer
writeCommonTags: couldn't write 'year' tag to 'Hiroyuki Sawano/Attack on Titan: Season 2/Hiroyuki Sawano - AOTs2M他1.m4a' as it's not a positive integer
writeCommonTags: couldn't write 'year' tag to 'Hiroyuki Sawano/Attack on Titan: Season 2/Hiroyuki Sawano - AOTs2M他2.m4a' as it's not a positive integer
writeCommonTags: couldn't write 'year' tag to 'Hiroyuki Sawano/Attack on Titan: Season 2/Hiroyuki Sawano - AOTs2M他3.m4a' as it's not a positive integer
writeCommonTags: couldn't write 'year' tag to 'Hiroyuki Sawano/Attack on Titan: Season 2/Hiroyuki Sawano - AOTs2M他4.m4a' as it's not a positive integer
writeCommonTags: couldn't write 'year' tag to 'Hiroyuki Sawano/Attack on Titan: Season 2/Hiroyuki Sawano - APETITAN.m4a' as it's not a positive integer
writeCommonTags: couldn't write 'year' tag to 'Hiroyuki Sawano/Attack on Titan: Season 2/Hiroyuki Sawano - attack音D.m4a' as it's not a positive integer
writeCommonTags: couldn't write 'year' tag to 'Hiroyuki Sawano/Attack on Titan: Season 2/Hiroyuki Sawano - Barricades.m4a' as it's not a positive integer
writeCommonTags: couldn't write 'year' tag to 'Hiroyuki Sawano/Attack on Titan: Season 2/Hiroyuki Sawano - Call of Silence.m4a' as it's not a positive integer
writeCommonTags: couldn't write 'year' tag to 'Hiroyuki Sawano/Attack on Titan: Season 2/Hiroyuki Sawano - EMAymniam (sm3_Final).m4a' as it's not a positive integer
writeCommonTags: couldn't write 'year' tag to 'Hiroyuki Sawano/Attack on Titan: Season 2/Hiroyuki Sawano - ERENthe標.m4a' as it's not a positive integer
writeCommonTags: couldn't write 'year' tag to 'Hiroyuki Sawano/Attack on Titan: Season 2/Hiroyuki Sawano - So ist es immer.m4a' as it's not a positive integer
writeCommonTags: couldn't write 'year' tag to 'Hiroyuki Sawano/Attack on Titan: Season 2/Hiroyuki Sawano - son2seaVer.m4a' as it's not a positive integer
writeCommonTags: couldn't write 'year' tag to 'Hiroyuki Sawano/Attack on Titan: Season 2/Hiroyuki Sawano - The Reluctant Heroes ᐸMODvᐳ.m4a' as it's not a positive integer
writeCommonTags: couldn't write 'year' tag to 'Hiroyuki Sawano/Attack on Titan: Season 2/Hiroyuki Sawano - theDOGS.m4a' as it's not a positive integer
writeCommonTags: couldn't write 'year' tag to 'Hiroyuki Sawano/Attack on Titan: Season 2/Hiroyuki Sawano - TheWeightOfLives.m4a' as it's not a positive integer
writeCommonTags: couldn't write 'year' tag to 'Hiroyuki Sawano/Attack on Titan: Season 2/Hiroyuki Sawano - TWO-lives.m4a' as it's not a positive integer
writeCommonTags: couldn't write 'year' tag to 'Hiroyuki Sawano/Attack on Titan: Season 2/Hiroyuki Sawano - YAMANAIAME ᐸFMvᐳ.m4a' as it's not a positive integer
writeCommonTags: couldn't write 'year' tag to 'Hiroyuki Sawano/Attack on Titan: Season 2/Hiroyuki Sawano - YAMANAIAME.m4a' as it's not a positive integer
writeCommonTags: couldn't write 'year' tag to 'Hiroyuki Sawano/Attack on Titan: Season 2/Hiroyuki Sawano - ymniam-MKorch (sm1_Final#2).m4a' as it's not a positive integer
writeCommonTags: couldn't write 'year' tag to 'Hiroyuki Sawano/Attack on Titan: Season 2/Hiroyuki Sawano - ymniam-orch (sm2_Final#2).m4a' as it's not a positive integer
writeCommonTags: couldn't write 'year' tag to 'Hiroyuki Sawano/Attack on Titan: Season 2/Hiroyuki Sawano - YouSeeBIGGIRL⧸T：T.m4a' as it's not a positive integer
writeCommonTags: couldn't write 'year' tag to 'Hiroyuki Sawano/Attack on Titan: Season 2/Hiroyuki Sawano - 進撃gt20130218巨人.m4a' as it's not a positive integer
writeCommonTags: couldn't write 'year' tag to 'Hiroyuki Sawano/Attack on Titan: Season 2/Hiroyuki Sawano - 進撃pf-adlib-b20130218巨人.m4a' as it's not a positive integer
writeCommonTags: couldn't write 'year' tag to 'Hiroyuki Sawano/Attack on Titan: Season 2/Hiroyuki Sawano - 進撃pf-adlib-c20130218巨人.m4a' as it's not a positive integer
writeCommonTags: couldn't write 'year' tag to 'Hiroyuki Sawano/Attack on Titan: Season 2/Hiroyuki Sawano - 進撃pf-medley20130629巨人.m4a' as it's not a positive integer
writeCommonTags: couldn't write 'year' tag to 'Hiroyuki Sawano/Attack on Titan: Season 2/Hiroyuki Sawano - 進撃pf20130218巨人.m4a' as it's not a positive integer
writeCommonTags: couldn't write 'year' tag to 'Hiroyuki Sawano/Attack on Titan: Season 2/Hiroyuki Sawano - 進撃st-hrn-egt20130629巨人.m4a' as it's not a positive integer
writeCommonTags: couldn't write 'year' tag to 'Hiroyuki Sawano/Attack on Titan: Season 2/Hiroyuki Sawano - 進撃st-hrn-gt-pf20130629巨人.m4a' as it's not a positive integer
writeCommonTags: couldn't write 'year' tag to 'Hiroyuki Sawano/Attack on Titan: Season 2/Hiroyuki Sawano - 進撃st-hrn-gt20130629巨人.m4a' as it's not a positive integer
writeCommonTags: couldn't write 'year' tag to 'Hiroyuki Sawano/Attack on Titan: Season 2/Hiroyuki Sawano - 進撃st20130629巨人.m4a' as it's not a positive integer
writeCommonTags: couldn't write 'year' tag to 'Hiroyuki Sawano/Attack on Titan: Season 2/Hiroyuki Sawano - 進撃vc-pf20130218巨人.m4a' as it's not a positive integer
writeCommonTags: couldn't write 'year' tag to 'Hiroyuki Sawano/Attack on Titan: Season 2/Hiroyuki Sawano - 進撃vn-pf20130524巨人.m4a' as it's not a positive integer
writeCommonTags: couldn't write 'year' tag to 'Hiroyuki Sawano/Attack on Titan: Season 3/Hiroyuki Sawano - A1Gう.m4a' as it's not a positive integer
writeCommonTags: couldn't write 'year' tag to 'Hiroyuki Sawano/Attack on Titan: Season 3/Hiroyuki Sawano - AoTs3-1000略.m4a' as it's not a positive integer
writeCommonTags: couldn't write 'year' tag to 'Hiroyuki Sawano/Attack on Titan: Season 3/Hiroyuki Sawano - AoTs3-3spens⧸21石.m4a' as it's not a positive integer
writeCommonTags: couldn't write 'year' tag to 'Hiroyuki Sawano/Attack on Titan: Season 3/Hiroyuki Sawano - AoTs3-PF1.m4a' as it's not a positive integer
writeCommonTags: couldn't write 'year' tag to 'Hiroyuki Sawano/Attack on Titan: Season 3/Hiroyuki Sawano - AoTs3-PF2.m4a' as it's not a positive integer
writeCommonTags: couldn't write 'year' tag to 'Hiroyuki Sawano/Attack on Titan: Season 3/Hiroyuki Sawano - Apple Seed (Instrumental).m4a' as it's not a positive integer
writeCommonTags: couldn't write 'year' tag to 'Hiroyuki Sawano/Attack on Titan: Season 3/Hiroyuki Sawano - Barricades (MOVIEver.).m4a' as it's not a positive integer
writeCommonTags: couldn't write 'year' tag to 'Hiroyuki Sawano/Attack on Titan: Season 3/Hiroyuki Sawano - Before Lights Out (Instrumental).m4a' as it's not a positive integer
writeCommonTags: couldn't write 'year' tag to 'Hiroyuki Sawano/Attack on Titan: Season 3/Hiroyuki Sawano - Call your name ᐸGvᐳ (Instrumental).m4a' as it's not a positive integer
writeCommonTags: couldn't write 'year' tag to 'Hiroyuki Sawano/Attack on Titan: Season 3/Hiroyuki Sawano - Call your name ᐸGvᐳ.m4a' as it's not a positive integer
writeCommonTags: couldn't write 'year' tag to 'Hiroyuki Sawano/Attack on Titan: Season 3/Hiroyuki Sawano - ERENthe標 (MOVIEver.).m4a' as it's not a positive integer
writeCommonTags: couldn't write 'year' tag to 'Hiroyuki Sawano/Attack on Titan: Season 3/Hiroyuki Sawano - ətˈæk 0N tάɪtn ᐸWMIdᐳ (Instrumental).m4a' as it's not a positive integer
writeCommonTags: couldn't write 'year' tag to 'Hiroyuki Sawano/Attack on Titan: Season 3/Hiroyuki Sawano - K2-.m4a' as it's not a positive integer
writeCommonTags: couldn't write 'year' tag to 'Hiroyuki Sawano/Attack on Titan: Season 3/Hiroyuki Sawano - K21.m4a' as it's not a positive integer
writeCommonTags: couldn't write 'year' tag to 'Hiroyuki Sawano/Attack on Titan: Season 3/Hiroyuki Sawano - LENぞ97n10火巨説MAHLE.m4a' as it's not a positive integer
writeCommonTags: couldn't write 'year' tag to 'Hiroyuki Sawano/Attack on Titan: Season 3/Hiroyuki Sawano - SymphonicSuite [AoT] Part1-1st：0Sk.m4a' as it's not a positive integer
writeCommonTags: couldn't write 'year' tag to 'Hiroyuki Sawano/Attack on Titan: Season 3/Hiroyuki Sawano - SymphonicSuite [AoT] Part1-2nd：一s十りA.m4a' as it's not a positive integer
writeCommonTags: couldn't write 'year' tag to 'Hiroyuki Sawano/Attack on Titan: Season 3/Hiroyuki Sawano - SymphonicSuite [AoT] Part1-3rd：BARRIchestra.m4a' as it's not a positive integer
writeCommonTags: couldn't write 'year' tag to 'Hiroyuki Sawano/Attack on Titan: Season 3/Hiroyuki Sawano - SymphonicSuite [AoT] Part1-4th：7-b@$.m4a' as it's not a positive integer
writeCommonTags: couldn't write 'year' tag to 'Hiroyuki Sawano/Attack on Titan: Season 3/Hiroyuki Sawano - SymphonicSuite [AoT] Part2-1st：ətˈæk 0N tάɪtn ᐸWMIdᐳ.m4a' as it's not a positive integer
writeCommonTags: couldn't write 'year' tag to 'Hiroyuki Sawano/Attack on Titan: Season 3/Hiroyuki Sawano - SymphonicSuite [AoT] Part2-2nd：ShingekiNoKyojin.m4a' as it's not a positive integer
writeCommonTags: couldn't write 'year' tag to 'Hiroyuki Sawano/Attack on Titan: Season 3/Hiroyuki Sawano - SymphonicSuite [AoT] Part2-3rd：Before Lights Out.m4a' as it's not a positive integer
writeCommonTags: couldn't write 'year' tag to 'Hiroyuki Sawano/Attack on Titan: Season 3/Hiroyuki Sawano - SymphonicSuite [AoT] Part2-4th：2An.m4a' as it's not a positive integer
writeCommonTags: couldn't write 'year' tag to 'Hiroyuki Sawano/Attack on Titan: Season 3/Hiroyuki Sawano - SymphonicSuite [AoT] Part2-5th：Apple Seed.m4a' as it's not a positive integer
writeCommonTags: couldn't write 'year' tag to 'Hiroyuki Sawano/Attack on Titan: Season 3/Hiroyuki Sawano - SymphonicSuite [AoT] Part2-6th：ThanksAT.m4a' as it's not a positive integer
writeCommonTags: couldn't write 'year' tag to 'Hiroyuki Sawano/Attack on Titan: Season 3/Hiroyuki Sawano - T-KT.m4a' as it's not a positive integer
writeCommonTags: couldn't write 'year' tag to 'Hiroyuki Sawano/Attack on Titan: Season 3/Hiroyuki Sawano - tooth-i：.m4a' as it's not a positive integer
writeCommonTags: couldn't write 'year' tag to 'Hiroyuki Sawano/Attack on Titan: Season 3/Hiroyuki Sawano - Zero Eclipse.m4a' as it's not a positive integer
